2017-06-18 04:33:57,122 INFO: Mapping taxonomies...
2017-06-18 04:33:57,123 INFO: Mapping taxonomy: [{u'Appliances': u'Washers & Dryers'}]
2017-06-18 04:33:57,169 INFO: Mapping taxonomy: [{u'Appliances': u'Refrigerators'}]
2017-06-18 04:33:57,178 INFO: Mapping taxonomy: [{u'Appliances': u'Vacuum Cleaners'}]
2017-06-18 04:33:57,183 INFO: Mapping taxonomy: [{u'Appliances': u'Dishwashers'}]
2017-06-18 04:33:57,189 INFO: Mapping taxonomy: [{u'Appliances': u'Blenders & Juicers'}]
2017-06-18 04:33:57,200 INFO: Mapping taxonomy: [{u'Appliances': u'Microwaves'}]
2017-06-18 04:33:57,205 INFO: Mapping taxonomy: [{u'Appliances': u'Air Conditioners'}]
2017-06-18 04:33:57,211 INFO: Mapping taxonomy: [{u'Appliances': u'Toasters & Ovens'}]
2017-06-18 04:33:57,217 INFO: Mapping taxonomy: [{u'Appliances': u'Slow Cookers'}]
2017-06-18 04:33:57,222 INFO: Mapping taxonomy: [{u'Appliances': u'Coffee Makers'}]
2017-06-18 04:33:57,230 INFO: Mapping taxonomy: [{u'Baby': u'Car Seats'}]
2017-06-18 04:33:57,261 INFO: Mapping taxonomy: [{u'Baby': u'Strollers'}]
2017-06-18 04:33:57,267 INFO: Mapping taxonomy: [{u'Electronics': u'Laptops'}]
2017-06-18 04:33:57,299 INFO: Mapping taxonomy: [{u'Electronics': u'Desktops'}]
2017-06-18 04:33:57,311 INFO: Mapping taxonomy: [{u'Electronics': u'Cell Phones'}]
2017-06-18 04:33:57,319 INFO: Mapping taxonomy: [{u'Electronics': u'Tablets'}]
2017-06-18 04:33:57,324 INFO: Mapping taxonomy: [{u'Electronics': u'E-Readers'}]
2017-06-18 04:33:57,330 INFO: Mapping taxonomy: [{u'Electronics': u'Headphones'}]
2017-06-18 04:33:57,335 INFO: Mapping taxonomy: [{u'Electronics': u'Speakers'}]
2017-06-18 04:33:57,341 INFO: Mapping taxonomy: [{u'Electronics': u'TVs'}]
2017-06-18 04:33:57,346 INFO: Mapping taxonomy: [{u'Electronics': u'Monitors'}]
2017-06-18 04:33:57,351 INFO: Mapping taxonomy: [{u'Electronics': u'Projectors'}]
2017-06-18 04:33:57,378 INFO: Mapping taxonomy: [{u'Electronics': u'Printers & Scanners'}]
2017-06-18 04:33:57,386 INFO: Mapping taxonomy: [{u'Electronics': u'Cameras & Lenses'}]
2017-06-18 04:33:57,392 INFO: Mapping taxonomy: [{u'Electronics': u'GPS & Navigation'}]
2017-06-18 04:33:57,398 INFO: Mapping taxonomy: [{u'Electronics': u'Networking'}]
2017-06-18 04:33:57,404 INFO: Mapping taxonomy: [{u'Entertainment': u'Movies'}]
2017-06-18 04:33:57,416 INFO: Mapping taxonomy: [{u'Entertainment': u'TV Shows'}]
2017-06-18 04:33:57,421 INFO: Mapping taxonomy: [{u'Entertainment': u'Video Games'}]
2017-06-18 04:33:57,427 INFO: Mapping taxonomy: [{u'Furnishings & Decor': u'Bedding'}]
2017-06-18 04:33:57,444 INFO: Mapping taxonomy: [{u'Garden & Lawn': u'Lawn Mowers'}]
2017-06-18 04:33:57,457 INFO: Mapping taxonomy: [{u'Garden & Lawn': u'Grills'}]
2017-06-18 04:33:57,463 INFO: Mapping taxonomy: [{u'Sporting Goods': u'Bicycles'}]
2017-06-18 04:33:57,471 INFO: Mapping taxonomy: [{u'Bags & Travel': u'Luggage'}]
2017-06-18 04:33:57,502 INFO: Mapping taxonomy: [{u'Bags & Travel': u'Briefcases'}]
2017-06-18 04:33:57,507 INFO: Mapping taxonomy: [{u'Bags & Travel': u'Backpacks'}]
2017-06-18 04:33:57,518 INFO: Mapping taxonomy: [{u'Bags & Travel': u'Duffel Bags'}]
2017-06-18 04:33:57,524 INFO: Mapping taxonomy: [{u'Bags & Travel': u'Messenger Bags'}]
2017-06-18 04:48:13,178 INFO: Mapping taxonomies...
2017-06-18 04:48:13,179 INFO: Mapping taxonomy: [{u'Appliances': u'Washers & Dryers'}]
2017-06-18 04:48:13,214 INFO: Mapping taxonomy: [{u'Appliances': u'Refrigerators'}]
2017-06-18 04:48:13,232 INFO: Mapping taxonomy: [{u'Appliances': u'Vacuum Cleaners'}]
2017-06-18 04:48:13,239 INFO: Mapping taxonomy: [{u'Appliances': u'Dishwashers'}]
2017-06-18 04:48:13,245 INFO: Mapping taxonomy: [{u'Appliances': u'Blenders & Juicers'}]
2017-06-18 04:48:13,250 INFO: Mapping taxonomy: [{u'Appliances': u'Microwaves'}]
2017-06-18 04:48:13,260 INFO: Mapping taxonomy: [{u'Appliances': u'Air Conditioners'}]
2017-06-18 04:48:13,266 INFO: Mapping taxonomy: [{u'Appliances': u'Toasters & Ovens'}]
2017-06-18 04:48:13,272 INFO: Mapping taxonomy: [{u'Appliances': u'Slow Cookers'}]
2017-06-18 04:48:13,277 INFO: Mapping taxonomy: [{u'Appliances': u'Coffee Makers'}]
2017-06-18 04:48:13,283 INFO: Mapping taxonomy: [{u'Baby': u'Car Seats'}]
2017-06-18 04:48:13,290 INFO: Mapping taxonomy: [{u'Baby': u'Strollers'}]
2017-06-18 04:48:13,311 INFO: Mapping taxonomy: [{u'Electronics': u'Laptops'}]
2017-06-18 04:48:13,320 INFO: Mapping taxonomy: [{u'Electronics': u'Desktops'}]
2017-06-18 04:48:13,325 INFO: Mapping taxonomy: [{u'Electronics': u'Cell Phones'}]
2017-06-18 04:48:13,330 INFO: Mapping taxonomy: [{u'Electronics': u'Tablets'}]
2017-06-18 04:48:13,341 INFO: Mapping taxonomy: [{u'Electronics': u'E-Readers'}]
2017-06-18 04:48:13,351 INFO: Mapping taxonomy: [{u'Electronics': u'Headphones'}]
2017-06-18 04:48:13,369 INFO: Mapping taxonomy: [{u'Electronics': u'Speakers'}]
2017-06-18 04:48:13,377 INFO: Mapping taxonomy: [{u'Electronics': u'TVs'}]
2017-06-18 04:48:13,382 INFO: Mapping taxonomy: [{u'Electronics': u'Monitors'}]
2017-06-18 04:48:13,388 INFO: Mapping taxonomy: [{u'Electronics': u'Projectors'}]
2017-06-18 04:48:13,393 INFO: Mapping taxonomy: [{u'Electronics': u'Printers & Scanners'}]
2017-06-18 04:48:13,404 INFO: Mapping taxonomy: [{u'Electronics': u'Cameras & Lenses'}]
2017-06-18 04:48:13,426 INFO: Mapping taxonomy: [{u'Electronics': u'GPS & Navigation'}]
2017-06-18 04:48:13,433 INFO: Mapping taxonomy: [{u'Electronics': u'Networking'}]
2017-06-18 04:48:13,439 INFO: Mapping taxonomy: [{u'Entertainment': u'Movies'}]
2017-06-18 04:48:13,446 INFO: Mapping taxonomy: [{u'Entertainment': u'TV Shows'}]
2017-06-18 04:48:13,452 INFO: Mapping taxonomy: [{u'Entertainment': u'Video Games'}]
2017-06-18 04:48:13,457 INFO: Mapping taxonomy: [{u'Furnishings & Decor': u'Bedding'}]
2017-06-18 04:48:13,463 INFO: Mapping taxonomy: [{u'Garden & Lawn': u'Lawn Mowers'}]
2017-06-18 04:48:13,470 INFO: Mapping taxonomy: [{u'Garden & Lawn': u'Grills'}]
2017-06-18 04:48:13,475 INFO: Mapping taxonomy: [{u'Sporting Goods': u'Bicycles'}]
2017-06-18 04:48:13,490 INFO: Mapping taxonomy: [{u'Bags & Travel': u'Luggage'}]
2017-06-18 04:48:13,514 INFO: Mapping taxonomy: [{u'Bags & Travel': u'Briefcases'}]
2017-06-18 04:48:13,520 INFO: Mapping taxonomy: [{u'Bags & Travel': u'Backpacks'}]
2017-06-18 04:48:13,526 INFO: Mapping taxonomy: [{u'Bags & Travel': u'Duffel Bags'}]
2017-06-18 04:48:13,537 INFO: Mapping taxonomy: [{u'Bags & Travel': u'Messenger Bags'}]
